\BOOKMARK [0][-]{chapter*.3}{Remerciements}{}% 1
\BOOKMARK [0][-]{chapter.1}{Pr\351sentation du projet}{}% 2
\BOOKMARK [1][-]{section.1.1}{Amenant}{chapter.1}% 3
\BOOKMARK [1][-]{section.1.2}{Analyse de l'existant}{chapter.1}% 4
\BOOKMARK [1][-]{section.1.3}{Probl\351matique soulev\351e}{chapter.1}% 5
\BOOKMARK [1][-]{section.1.4}{Solution propos\351e}{chapter.1}% 6
\BOOKMARK [0][-]{chapter.2}{Analyse et Conception}{}% 7
\BOOKMARK [1][-]{section.2.1}{Diagramme de cas d\220utilisations}{chapter.2}% 8
\BOOKMARK [1][-]{section.2.2}{Diagramme de classe}{chapter.2}% 9
\BOOKMARK [1][-]{section.2.3}{Diagramme de s\351quences}{chapter.2}% 10
\BOOKMARK [0][-]{chapter.3}{Maquettes de projets}{}% 11
\BOOKMARK [0][-]{chapter.4}{R\351alisation}{}% 12
\BOOKMARK [1][-]{section.4.1}{les outils et les technologies}{chapter.4}% 13
\BOOKMARK [2][-]{subsection.4.1.1}{Pattern MVC}{section.4.1}% 14
\BOOKMARK [2][-]{subsection.4.1.2}{Outils de d\351veloppement }{section.4.1}% 15
\BOOKMARK [3][-]{subsubsection.4.1.2.1}{Langage de programmation}{subsection.4.1.2}% 16
\BOOKMARK [3][-]{subsubsection.4.1.2.2}{Maven}{subsection.4.1.2}% 17
\BOOKMARK [3][-]{subsubsection.4.1.2.3}{Environnement de d\351veloppement}{subsection.4.1.2}% 18
\BOOKMARK [3][-]{subsubsection.4.1.2.4}{Gestion de version \046 collaboration:}{subsection.4.1.2}% 19
\BOOKMARK [3][-]{subsubsection.4.1.2.5}{Design \046 Multim\351dia:}{subsection.4.1.2}% 20
\BOOKMARK [3][-]{subsubsection.4.1.2.6}{Serveur d\220application:}{subsection.4.1.2}% 21
\BOOKMARK [1][-]{section.4.2}{Pr\351sentation de Wasselni}{chapter.4}% 22
\BOOKMARK [2][-]{subsection.4.2.1}{Page d'accueil}{section.4.2}% 23
\BOOKMARK [2][-]{subsection.4.2.2}{Page d'inscription}{section.4.2}% 24
\BOOKMARK [2][-]{subsection.4.2.3}{Page d'authentification}{section.4.2}% 25
\BOOKMARK [2][-]{subsection.4.2.4}{Liste des offres}{section.4.2}% 26
\BOOKMARK [2][-]{subsection.4.2.5}{Proposer trajet}{section.4.2}% 27
\BOOKMARK [2][-]{subsection.4.2.6}{Espace user}{section.4.2}% 28
\BOOKMARK [2][-]{subsection.4.2.7}{Espace admin}{section.4.2}% 29
\BOOKMARK [1][-]{section.4.3}{Probl\350mes rencontr\351s durant le projet}{chapter.4}% 30
